[debug] [2022-03-31T08:45:31.288Z] ----------------------------------------------------------------------
[debug] [2022-03-31T08:45:31.291Z] Command:       C:\Program Files\nodejs\node.exe C:\Users\Tare\AppData\Roaming\npm\node_modules\firebase-tools\lib\bin\firebase.js emulators:start
[debug] [2022-03-31T08:45:31.292Z] CLI Version:   10.5.0
[debug] [2022-03-31T08:45:31.292Z] Platform:      win32
[debug] [2022-03-31T08:45:31.293Z] Node Version:  v16.14.0
[debug] [2022-03-31T08:45:32.493Z] Time:          Thu Mar 31 2022 11:45:31 GMT+0300 (East Africa Time)
[debug] [2022-03-31T08:45:32.494Z] ----------------------------------------------------------------------
[debug] 
[debug] [2022-03-31T08:45:32.655Z] >>> [apiv2][query] GET https://firebase-public.firebaseio.com/cli.json [none]
[debug] [2022-03-31T08:45:38.771Z] > command requires scopes: ["email","openid","https://www.googleapis.com/auth/cloudplatformprojects.readonly","https://www.googleapis.com/auth/firebase","https://www.googleapis.com/auth/cloud-platform"]
[debug] [2022-03-31T08:45:38.772Z] > authorizing via signed-in user (tarmola19@gmail.com)
[info] i  emulators: Starting emulators: functions {"metadata":{"emulator":{"name":"hub"},"message":"Starting emulators: functions"}}
[debug] [2022-03-31T08:45:39.889Z] [hub] writing locator at C:\Users\Tare\AppData\Local\Temp\hub-clone-by-tariku.json
[warn] !  functions: The following emulators are not running, calls to these services from the Functions emulator will affect production: auth, firestore, database, hosting, pubsub, storage {"metadata":{"emulator":{"name":"functions"},"message":"The following emulators are not running, calls to these services from the Functions emulator will affect production: \u001b[1mauth, firestore, database, hosting, pubsub, storage\u001b[22m"}}
[info] +  functions: Using node@16 from host. {"metadata":{"emulator":{"name":"functions"},"message":"Using node@16 from host."}}
[debug] [2022-03-31T08:45:43.027Z] defaultcredentials: writing to file C:\Users\Tare\AppData\Roaming\firebase\tarmola19_gmail_com_application_default_credentials.json
[debug] [2022-03-31T08:45:43.432Z] <<< [apiv2][status] GET https://firebase-public.firebaseio.com/cli.json 200
[debug] [2022-03-31T08:45:43.433Z] <<< [apiv2][body] GET https://firebase-public.firebaseio.com/cli.json {"cloudBuildErrorAfter":1594252800000,"cloudBuildWarnAfter":1590019200000,"defaultNode10After":1594252800000,"minVersion":"3.0.5","node8DeploysDisabledAfter":1613390400000,"node8RuntimeDisabledAfter":1615809600000,"node8WarnAfter":1600128000000}
[debug] [2022-03-31T08:45:43.743Z] Setting GAC to C:\Users\Tare\AppData\Roaming\firebase\tarmola19_gmail_com_application_default_credentials.json {"metadata":{"emulator":{"name":"functions"},"message":"Setting GAC to C:\\Users\\Tare\\AppData\\Roaming\\firebase\\tarmola19_gmail_com_application_default_credentials.json"}}
[debug] [2022-03-31T08:45:43.746Z] > refreshing access token with scopes: []
[debug] [2022-03-31T08:45:43.748Z] >>> HTTP REQUEST POST https://www.googleapis.com/oauth2/v3/token  
 <request body omitted>
[debug] [2022-03-31T08:45:44.339Z] <<< HTTP RESPONSE 200 {"cache-control":"no-cache, no-store, max-age=0, must-revalidate","pragma":"no-cache","date":"Thu, 31 Mar 2022 08:45:43 GMT","expires":"Mon, 01 Jan 1990 00:00:00 GMT","content-type":"application/json; charset=utf-8","vary":"X-Origin, Referer, Origin,Accept-Encoding","server":"scaffolding on HTTPServer2","x-xss-protection":"0","x-frame-options":"SAMEORIGIN","x-content-type-options":"nosniff","alt-svc":"h3=\":443\"; ma=2592000,h3-29=\":443\"; ma=2592000,h3-Q050=\":443\"; ma=2592000,h3-Q046=\":443\"; ma=2592000,h3-Q043=\":443\"; ma=2592000,quic=\":443\"; ma=2592000; v=\"46,43\"","accept-ranges":"none","transfer-encoding":"chunked"}
[debug] [2022-03-31T08:45:45.259Z] >>> [apiv2][query] GET https://firebase.googleapis.com/v1beta1/projects/clone-by-tariku/adminSdkConfig [none]
[debug] [2022-03-31T08:45:46.382Z] <<< [apiv2][status] GET https://firebase.googleapis.com/v1beta1/projects/clone-by-tariku/adminSdkConfig 200
[debug] [2022-03-31T08:45:46.382Z] <<< [apiv2][body] GET https://firebase.googleapis.com/v1beta1/projects/clone-by-tariku/adminSdkConfig {"projectId":"clone-by-tariku","storageBucket":"clone-by-tariku.appspot.com","locationId":"us-central"}
[debug] [2022-03-31T08:45:46.737Z] Ignoring unsupported arg: auto_download {"metadata":{"emulator":{"name":"ui"},"message":"Ignoring unsupported arg: auto_download"}}
[debug] [2022-03-31T08:45:46.738Z] Ignoring unsupported arg: port {"metadata":{"emulator":{"name":"ui"},"message":"Ignoring unsupported arg: port"}}
[debug] [2022-03-31T08:45:46.738Z] Starting Emulator UI with command {"binary":"node","args":["C:\\Users\\Tare\\.cache\\firebase\\emulators\\ui-v1.6.5\\server.bundle.js"],"optionalArgs":[],"joinArgs":false} {"metadata":{"emulator":{"name":"ui"},"message":"Starting Emulator UI with command {\"binary\":\"node\",\"args\":[\"C:\\\\Users\\\\Tare\\\\.cache\\\\firebase\\\\emulators\\\\ui-v1.6.5\\\\server.bundle.js\"],\"optionalArgs\":[],\"joinArgs\":false}"}}
[info] i  ui: Emulator UI logging to ui-debug.log {"metadata":{"emulator":{"name":"ui"},"message":"Emulator UI logging to \u001b[1mui-debug.log\u001b[22m"}}
[debug] [2022-03-31T08:45:48.988Z] Web / API server started at localhost:4000
 {"metadata":{"emulator":{"name":"ui"},"message":"Web / API server started at localhost:4000\n"}}
[info] i  functions: Watching "D:\EvangadiClass\amazon\functions" for Cloud Functions... {"metadata":{"emulator":{"name":"functions"},"message":"Watching \"D:\\EvangadiClass\\amazon\\functions\" for Cloud Functions..."}}
[debug] [2022-03-31T08:45:49.167Z] Validating nodejs source
[debug] [2022-03-31T08:47:46.584Z] > [functions] package.json contents: {
  "name": "functions",
  "description": "Cloud Functions for Firebase",
  "scripts": {
    "lint": "eslint .",
    "serve": "firebase emulators:start --only functions",
    "shell": "firebase functions:shell",
    "start": "npm run shell",
    "deploy": "firebase deploy --only functions",
    "logs": "firebase functions:log"
  },
  "engines": {
    "node": "16"
  },
  "main": "index.js",
  "dependencies": {
    "cors": "^2.8.5",
    "express": "^4.17.3",
    "firebase-admin": "^10.0.2",
    "firebase-functions": "^3.18.0",
    "stripe": "^8.211.0"
  },
  "devDependencies": {
    "eslint": "^8.9.0",
    "eslint-config-google": "^0.14.0",
    "firebase-functions-test": "^0.2.0"
  },
  "private": true
}
[debug] [2022-03-31T08:47:47.086Z] Building nodejs source
[debug] [2022-03-31T08:47:47.086Z] Analyzing nodejs backend spec
[info] +  functions[us-central1-api]: http function initialized (http://localhost:5001/clone-by-tariku/us-central1/api). {"metadata":{"emulator":{"name":"functions"},"message":"\u001b[1mhttp\u001b[22m function initialized (http://localhost:5001/clone-by-tariku/us-central1/api)."}}
[info] 
┌─────────────────────────────────────────────────────────────┐
│ ✔  All emulators ready! It is now safe to connect your app. │
│ i  View Emulator UI at http://localhost:4000                │
└─────────────────────────────────────────────────────────────┘

┌───────────┬────────────────┬─────────────────────────────────┐
│ Emulator  │ Host:Port      │ View in Emulator UI             │
├───────────┼────────────────┼─────────────────────────────────┤
│ Functions │ localhost:5001 │ http://localhost:4000/functions │
└───────────┴────────────────┴─────────────────────────────────┘
  Emulator Hub running at localhost:4400
  Other reserved ports: 4500

Issues? Report them at https://github.com/firebase/firebase-tools/issues and attach the *-debug.log files.
 
